  [1m[35m (3.7ms)[0m  [1m[34mSELECT sqlite_version(*)[0m
  [1m[35m (1.5ms)[0m  [1m[35mCREATE TABLE "schema_migrations" ("version" varchar NOT NULL PRIMARY KEY)[0m
  [1m[35m (2.3ms)[0m  [1m[35mCREATE TABLE "ar_internal_metadata" ("key" varchar NOT NULL PRIMARY KEY, "value" varchar, "created_at" datetime(6) NOT NULL, "updated_at" datetime(6) NOT NULL)[0m
  [1m[35m (0.5ms)[0m  [1m[34mSELECT "schema_migrations"."version" FROM "schema_migrations" ORDER BY "schema_migrations"."version" ASC[0m
Migrating to CreateTodos (20220206025524)
  [1m[36mTRANSACTION (0.1ms)[0m  [1m[36mbegin transaction[0m
  [1m[35m (0.8ms)[0m  [1m[35mCREATE TABLE "todos" ("id" integer PRIMARY KEY AUTOINCREMENT NOT NULL, "title" varchar, "completed" boolean, "created_at" datetime(6) NOT NULL, "updated_at" datetime(6) NOT NULL)[0m
  [1m[36mActiveRecord::SchemaMigration Create (0.5ms)[0m  [1m[32mINSERT INTO "schema_migrations" ("version") VALUES (?)[0m  [["version", "20220206025524"]]
  [1m[36mTRANSACTION (1.1ms)[0m  [1m[36mcommit transaction[0m
  [1m[36mActiveRecord::InternalMetadata Load (0.2ms)[0m  [1m[34mSELECT "ar_internal_metadata".* FROM "ar_internal_metadata" WHERE "ar_internal_metadata"."key" = ? LIMIT ?[0m  [["key", "environment"], ["LIMIT", 1]]
  [1m[36mTRANSACTION (0.2ms)[0m  [1m[36mbegin transaction[0m
  [1m[36mActiveRecord::InternalMetadata Create (0.8ms)[0m  [1m[32mINSERT INTO "ar_internal_metadata" ("key", "value", "created_at", "updated_at") VALUES (?, ?, ?, ?)[0m  [["key", "environment"], ["value", "development"], ["created_at", "2022-02-06 02:57:39.079353"], ["updated_at", "2022-02-06 02:57:39.079353"]]
  [1m[36mTRANSACTION (0.9ms)[0m  [1m[36mcommit transaction[0m
  [1m[35m (0.1ms)[0m  [1m[34mSELECT sqlite_version(*)[0m
  [1m[35m (0.1ms)[0m  [1m[34mSELECT "schema_migrations"."version" FROM "schema_migrations" ORDER BY "schema_migrations"."version" ASC[0m
Started GET "/api/v1/todos" for ::1 at 2022-02-06 07:39:04 -0800
  [1m[35m (1.9ms)[0m  [1m[34mSELECT sqlite_version(*)[0m
  [1m[35m (1.2ms)[0m  [1m[34mSELECT "schema_migrations"."version" FROM "schema_migrations" ORDER BY "schema_migrations"."version" ASC[0m
  
ActionController::RoutingError (uninitialized constant Api::V1::TodosController
Did you mean?  Api::TodosController):
  
Started GET "/favicon.ico" for ::1 at 2022-02-06 07:39:05 -0800
  
ActionController::RoutingError (No route matches [GET] "/favicon.ico"):
  
Started GET "/api/v1/todos" for ::1 at 2022-02-06 07:40:24 -0800
  
ActionController::RoutingError (uninitialized constant Api::V1::TodosController
Did you mean?  Api::TodosController):
  
Started GET "/rails/info/routes?path=a" for ::1 at 2022-02-06 07:40:29 -0800
Processing by Rails::InfoController#routes as */*
  Parameters: {"path"=>"a"}
Completed 200 OK in 16ms (Views: 0.5ms | ActiveRecord: 0.0ms | Allocations: 3558)


Started GET "/rails/info/routes?path=/" for ::1 at 2022-02-06 07:40:30 -0800
Processing by Rails::InfoController#routes as */*
  Parameters: {"path"=>"/"}
Completed 200 OK in 4ms (Views: 0.5ms | ActiveRecord: 0.0ms | Allocations: 1440)


Started GET "/rails/info/routes?path=/" for ::1 at 2022-02-06 07:40:31 -0800
Processing by Rails::InfoController#routes as */*
  Parameters: {"path"=>"/"}
Completed 200 OK in 3ms (Views: 0.4ms | ActiveRecord: 0.0ms | Allocations: 1430)


Started GET "/rails/info/routes?path=/api" for ::1 at 2022-02-06 07:40:32 -0800
Processing by Rails::InfoController#routes as */*
  Parameters: {"path"=>"/api"}
Completed 200 OK in 2ms (Views: 0.6ms | ActiveRecord: 0.0ms | Allocations: 805)


Started GET "/rails/info/routes?path=/api/" for ::1 at 2022-02-06 07:40:32 -0800
Processing by Rails::InfoController#routes as */*
  Parameters: {"path"=>"/api/"}
Completed 200 OK in 3ms (Views: 0.3ms | ActiveRecord: 0.0ms | Allocations: 805)


Started GET "/rails/info/routes?path=/api/vi" for ::1 at 2022-02-06 07:40:34 -0800
Processing by Rails::InfoController#routes as */*
  Parameters: {"path"=>"/api/vi"}
Completed 200 OK in 3ms (Views: 1.6ms | ActiveRecord: 0.0ms | Allocations: 695)


Started GET "/rails/info/routes?path=/api/v1" for ::1 at 2022-02-06 07:40:35 -0800
Processing by Rails::InfoController#routes as */*
  Parameters: {"path"=>"/api/v1"}
Completed 200 OK in 2ms (Views: 0.7ms | ActiveRecord: 0.0ms | Allocations: 803)


Started GET "/rails/info/routes?path=/api/v1/" for ::1 at 2022-02-06 07:40:35 -0800
Processing by Rails::InfoController#routes as */*
  Parameters: {"path"=>"/api/v1/"}
Completed 200 OK in 3ms (Views: 0.7ms | ActiveRecord: 0.0ms | Allocations: 804)


Started GET "/rails/info/routes?path=/api/v1/todo" for ::1 at 2022-02-06 07:40:36 -0800
Processing by Rails::InfoController#routes as */*
  Parameters: {"path"=>"/api/v1/todo"}
Completed 200 OK in 8ms (Views: 0.3ms | ActiveRecord: 0.0ms | Allocations: 804)


Started GET "/rails/info/routes?path=/api/v1/todos" for ::1 at 2022-02-06 07:40:37 -0800
Processing by Rails::InfoController#routes as */*
  Parameters: {"path"=>"/api/v1/todos"}
Completed 200 OK in 3ms (Views: 0.3ms | ActiveRecord: 0.0ms | Allocations: 842)


  [1m[35m (1.2ms)[0m  [1m[34mSELECT sqlite_version(*)[0m
  [1m[35m (0.5ms)[0m  [1m[34mSELECT "schema_migrations"."version" FROM "schema_migrations" ORDER BY "schema_migrations"."version" ASC[0m
  [1m[36mActiveRecord::InternalMetadata Load (0.9ms)[0m  [1m[34mSELECT "ar_internal_metadata".* FROM "ar_internal_metadata" WHERE "ar_internal_metadata"."key" = ? LIMIT ?[0m  [["key", "environment"], ["LIMIT", 1]]
  [1m[35m (0.1ms)[0m  [1m[34mSELECT sqlite_version(*)[0m
  [1m[35m (0.1ms)[0m  [1m[34mSELECT "schema_migrations"."version" FROM "schema_migrations" ORDER BY "schema_migrations"."version" ASC[0m
Started GET "/api/v1/todos" for ::1 at 2022-02-06 07:41:07 -0800
  [1m[35m (1.3ms)[0m  [1m[34mSELECT sqlite_version(*)[0m
  [1m[35m (0.2ms)[0m  [1m[34mSELECT "schema_migrations"."version" FROM "schema_migrations" ORDER BY "schema_migrations"."version" ASC[0m
  
ActionController::RoutingError (uninitialized constant Api::V1::TodosController
Did you mean?  Api::TodosController):
  
  [1m[35m (1.3ms)[0m  [1m[34mSELECT sqlite_version(*)[0m
  [1m[36mTRANSACTION (0.2ms)[0m  [1m[36mbegin transaction[0m
  [1m[36mTodo Create (3.3ms)[0m  [1m[32mINSERT INTO "todos" ("title", "completed", "created_at", "updated_at") VALUES (?, ?, ?, ?)[0m  [["title", "Hello World"], ["completed", 0], ["created_at", "2022-02-06 15:43:10.906398"], ["updated_at", "2022-02-06 15:43:10.906398"]]
  [1m[36mTRANSACTION (1.3ms)[0m  [1m[36mcommit transaction[0m
Started GET "/api/v1/todos" for ::1 at 2022-02-06 07:43:18 -0800
  
ActionController::RoutingError (uninitialized constant Api::V1::TodosController
Did you mean?  Api::TodosController):
  
Started GET "/api/v1/todos" for ::1 at 2022-02-06 07:46:23 -0800
  
ActionController::RoutingError (uninitialized constant Api::V1::TodosController
Did you mean?  Api::TodosController):
  
Started GET "/api/v1/todos" for ::1 at 2022-02-06 07:46:46 -0800
  [1m[35m (1.1ms)[0m  [1m[34mSELECT sqlite_version(*)[0m
  [1m[35m (0.5ms)[0m  [1m[34mSELECT "schema_migrations"."version" FROM "schema_migrations" ORDER BY "schema_migrations"."version" ASC[0m
  
ActionController::RoutingError (uninitialized constant Api::V1::TodosController
Did you mean?  Api::TodosController):
  
Started GET "/" for ::1 at 2022-02-06 07:47:15 -0800
Processing by Rails::WelcomeController#index as HTML
  Rendering /Users/georgelugo/.rvm/gems/ruby-3.0.0/gems/railties-6.1.4.4/lib/rails/templates/rails/welcome/index.html.erb
  Rendered /Users/georgelugo/.rvm/gems/ruby-3.0.0/gems/railties-6.1.4.4/lib/rails/templates/rails/welcome/index.html.erb (Duration: 9.5ms | Allocations: 185)
Completed 200 OK in 19ms (Views: 11.4ms | ActiveRecord: 0.0ms | Allocations: 1911)


Started GET "/api" for ::1 at 2022-02-06 07:47:18 -0800
  
ActionController::RoutingError (No route matches [GET] "/api"):
  
Started GET "/api/v1" for ::1 at 2022-02-06 07:47:21 -0800
  
ActionController::RoutingError (No route matches [GET] "/api/v1"):
  
Started GET "/api/todos" for ::1 at 2022-02-06 07:47:25 -0800
  
ActionController::RoutingError (No route matches [GET] "/api/todos"):
  
Started GET "/api/v1/todos" for ::1 at 2022-02-06 07:47:31 -0800
  
ActionController::RoutingError (uninitialized constant Api::V1::TodosController
Did you mean?  Api::TodosController):
  
Started GET "/api/v1/todos" for ::1 at 2022-02-06 07:50:10 -0800
  
ActionController::RoutingError (uninitialized constant Api::V1::TodosController
Did you mean?  Api::TodosController):
  
Started GET "/api/v1/todos" for ::1 at 2022-02-06 07:50:12 -0800
  
ActionController::RoutingError (uninitialized constant Api::V1::TodosController
Did you mean?  Api::TodosController):
  
Started GET "/api/v1/todos" for ::1 at 2022-02-06 07:50:22 -0800
  [1m[35m (1.1ms)[0m  [1m[34mSELECT sqlite_version(*)[0m
  [1m[35m (0.5ms)[0m  [1m[34mSELECT "schema_migrations"."version" FROM "schema_migrations" ORDER BY "schema_migrations"."version" ASC[0m
  
ActionController::RoutingError (uninitialized constant Api::V1::TodosController
Did you mean?  Api::TodosController):
  
Started GET "/" for ::1 at 2022-02-06 07:54:41 -0800
  [1m[35m (1.1ms)[0m  [1m[34mSELECT sqlite_version(*)[0m
  [1m[35m (0.4ms)[0m  [1m[34mSELECT "schema_migrations"."version" FROM "schema_migrations" ORDER BY "schema_migrations"."version" ASC[0m
Processing by Rails::WelcomeController#index as HTML
  Rendering /Users/georgelugo/.rvm/gems/ruby-3.0.0/gems/railties-6.1.4.4/lib/rails/templates/rails/welcome/index.html.erb
  Rendered /Users/georgelugo/.rvm/gems/ruby-3.0.0/gems/railties-6.1.4.4/lib/rails/templates/rails/welcome/index.html.erb (Duration: 8.4ms | Allocations: 355)
Completed 200 OK in 21ms (Views: 12.4ms | ActiveRecord: 0.0ms | Allocations: 2785)


Started GET "/api/v1/todos" for ::1 at 2022-02-06 07:54:48 -0800
  
ActionController::RoutingError (uninitialized constant Api::V1::TodosController
Did you mean?  Api::TodosController):
  
Started GET "/api/v1/todos" for ::1 at 2022-02-06 07:59:29 -0800
  [1m[35m (1.8ms)[0m  [1m[34mSELECT sqlite_version(*)[0m
  [1m[35m (0.5ms)[0m  [1m[34mSELECT "schema_migrations"."version" FROM "schema_migrations" ORDER BY "schema_migrations"."version" ASC[0m
  
ActionController::RoutingError (uninitialized constant Api::V1::TodosController
Did you mean?  Api::TodosController):
  
  [1m[36mTodo Load (1.5ms)[0m  [1m[34mSELECT "todos".* FROM "todos" /* loading for inspect */ LIMIT ?[0m  [["LIMIT", 11]]
Started GET "/api/v1/todos" for ::1 at 2022-02-06 08:10:41 -0800
Processing by Api::V1::TodosController#index as HTML
  [1m[35m (1.2ms)[0m  [1m[34mSELECT sqlite_version(*)[0m
  ↳ app/controllers/api/v1/todos_controller.rb:17:in `index'
  [1m[36mTodo Load (15.0ms)[0m  [1m[34mSELECT "todos".* FROM "todos"[0m
  ↳ app/controllers/api/v1/todos_controller.rb:17:in `index'
Completed 200 OK in 44ms (Views: 2.1ms | ActiveRecord: 18.1ms | Allocations: 5125)


Started GET "/api/v1/todos" for ::1 at 2022-02-06 08:11:58 -0800
Processing by Api::V1::TodosController#index as HTML
  [1m[36mTodo Load (0.3ms)[0m  [1m[34mSELECT "todos".* FROM "todos"[0m
  ↳ app/controllers/api/v1/todos_controller.rb:17:in `index'
Completed 200 OK in 5ms (Views: 0.8ms | ActiveRecord: 0.3ms | Allocations: 673)


Started GET "/api/v1/todos" for ::1 at 2022-02-06 17:45:55 -0800
  [1m[35m (1.5ms)[0m  [1m[34mSELECT sqlite_version(*)[0m
  [1m[35m (0.5ms)[0m  [1m[34mSELECT "schema_migrations"."version" FROM "schema_migrations" ORDER BY "schema_migrations"."version" ASC[0m
Processing by Api::V1::TodosController#index as HTML
  [1m[36mTodo Load (0.6ms)[0m  [1m[34mSELECT "todos".* FROM "todos"[0m
  ↳ app/controllers/api/v1/todos_controller.rb:17:in `index'
Completed 200 OK in 23ms (Views: 2.1ms | ActiveRecord: 1.4ms | Allocations: 6543)


  [1m[35m (1.2ms)[0m  [1m[34mSELECT sqlite_version(*)[0m
  [1m[36mTodo Load (0.6ms)[0m  [1m[34mSELECT "todos".* FROM "todos" /* loading for inspect */ LIMIT ?[0m  [["LIMIT", 11]]
  [1m[36mTRANSACTION (0.1ms)[0m  [1m[36mbegin transaction[0m
  [1m[36mTodo Create (4.4ms)[0m  [1m[32mINSERT INTO "todos" ("title", "completed", "created_at", "updated_at") VALUES (?, ?, ?, ?)[0m  [["title", "Newvo"], ["completed", 0], ["created_at", "2022-02-07 01:49:08.185687"], ["updated_at", "2022-02-07 01:49:08.185687"]]
  [1m[36mTRANSACTION (2.6ms)[0m  [1m[36mcommit transaction[0m
  [1m[36mTodo Load (0.2ms)[0m  [1m[34mSELECT "todos".* FROM "todos" /* loading for inspect */ LIMIT ?[0m  [["LIMIT", 11]]
Started GET "/api/v1/todos" for ::1 at 2022-02-06 17:50:07 -0800
Processing by Api::V1::TodosController#index as HTML
  [1m[36mTodo Load (2.4ms)[0m  [1m[34mSELECT "todos".* FROM "todos"[0m
  ↳ app/controllers/api/v1/todos_controller.rb:17:in `index'
Completed 200 OK in 10ms (Views: 1.5ms | ActiveRecord: 2.4ms | Allocations: 783)


  [1m[36mTodo Destroy (1.3ms)[0m  [1m[31mDELETE FROM "todos" WHERE "todos"."id" = ?[0m  [["id", nil]]
Started GET "/api/v1/todos" for ::1 at 2022-02-06 17:50:48 -0800
Processing by Api::V1::TodosController#index as HTML
  [1m[36mTodo Load (0.2ms)[0m  [1m[34mSELECT "todos".* FROM "todos"[0m
  ↳ app/controllers/api/v1/todos_controller.rb:17:in `index'
Completed 200 OK in 4ms (Views: 1.2ms | ActiveRecord: 0.2ms | Allocations: 778)


  [1m[36mTodo Load (0.2ms)[0m  [1m[34mSELECT "todos".* FROM "todos" /* loading for inspect */ LIMIT ?[0m  [["LIMIT", 11]]
  [1m[36mTodo Destroy (0.3ms)[0m  [1m[31mDELETE FROM "todos" WHERE "todos"."id" = ?[0m  [["id", nil]]
  [1m[36mTodo Destroy (0.3ms)[0m  [1m[31mDELETE FROM "todos" WHERE "todos"."id" = ?[0m  [["id", nil]]
Started GET "/api/v1/todos" for ::1 at 2022-02-06 17:51:48 -0800
Processing by Api::V1::TodosController#index as HTML
  [1m[36mTodo Load (0.2ms)[0m  [1m[34mSELECT "todos".* FROM "todos"[0m
  ↳ app/controllers/api/v1/todos_controller.rb:17:in `index'
Completed 200 OK in 3ms (Views: 1.2ms | ActiveRecord: 0.2ms | Allocations: 778)


  [1m[36mTodo Load (0.2ms)[0m  [1m[34mSELECT "todos".* FROM "todos" /* loading for inspect */ LIMIT ?[0m  [["LIMIT", 11]]
  [1m[36mTodo Load (1.0ms)[0m  [1m[34mSELECT "todos".* FROM "todos" WHERE "todos"."id" = ? LIMIT ?[0m  [["id", nil], ["LIMIT", 1]]
  [1m[36mTodo Load (0.3ms)[0m  [1m[34mSELECT "todos".* FROM "todos" ORDER BY "todos"."id" DESC LIMIT ?[0m  [["LIMIT", 1]]
  [1m[36mTodo Destroy (2.1ms)[0m  [1m[31mDELETE FROM "todos" WHERE "todos"."id" = ?[0m  [["id", 2]]
  [1m[36mTodo Load (0.3ms)[0m  [1m[34mSELECT "todos".* FROM "todos" /* loading for inspect */ LIMIT ?[0m  [["LIMIT", 11]]
Started GET "/api/v1/todos" for ::1 at 2022-02-06 17:54:20 -0800
Processing by Api::V1::TodosController#index as HTML
  [1m[36mTodo Load (1.4ms)[0m  [1m[34mSELECT "todos".* FROM "todos"[0m
  ↳ app/controllers/api/v1/todos_controller.rb:17:in `index'
Completed 200 OK in 38ms (Views: 6.7ms | ActiveRecord: 1.4ms | Allocations: 671)


Started GET "/api/v1/todos" for ::1 at 2022-02-06 17:55:46 -0800
Processing by Api::V1::TodosController#index as HTML
  [1m[36mTodo Load (0.4ms)[0m  [1m[34mSELECT "todos".* FROM "todos"[0m
  ↳ app/controllers/api/v1/todos_controller.rb:17:in `index'
Completed 200 OK in 10ms (Views: 0.6ms | ActiveRecord: 0.4ms | Allocations: 657)


Started GET "/api/v1/todos" for ::1 at 2022-02-06 17:56:05 -0800
Processing by Api::V1::TodosController#index as HTML
  [1m[36mTodo Load (0.4ms)[0m  [1m[34mSELECT "todos".* FROM "todos"[0m
  ↳ app/controllers/api/v1/todos_controller.rb:17:in `index'
Completed 200 OK in 7ms (Views: 1.0ms | ActiveRecord: 0.4ms | Allocations: 657)


Started GET "/api/v1/todos" for ::1 at 2022-02-06 17:57:30 -0800
Processing by Api::V1::TodosController#index as HTML
  [1m[36mTodo Load (0.2ms)[0m  [1m[34mSELECT "todos".* FROM "todos"[0m
  ↳ app/controllers/api/v1/todos_controller.rb:17:in `index'
Completed 200 OK in 2ms (Views: 0.6ms | ActiveRecord: 0.2ms | Allocations: 657)


Started GET "/api/v1/todos" for ::1 at 2022-02-06 18:00:23 -0800
Processing by Api::V1::TodosController#index as HTML
  [1m[36mTodo Load (0.3ms)[0m  [1m[34mSELECT "todos".* FROM "todos"[0m
  ↳ app/controllers/api/v1/todos_controller.rb:17:in `index'
Completed 200 OK in 3ms (Views: 1.1ms | ActiveRecord: 0.3ms | Allocations: 658)


Started GET "/api/v1/todos" for ::1 at 2022-02-06 18:01:31 -0800
  [1m[35m (1.2ms)[0m  [1m[34mSELECT sqlite_version(*)[0m
  [1m[35m (0.5ms)[0m  [1m[34mSELECT "schema_migrations"."version" FROM "schema_migrations" ORDER BY "schema_migrations"."version" ASC[0m
Processing by Api::V1::TodosController#index as HTML
  [1m[36mTodo Load (0.5ms)[0m  [1m[34mSELECT "todos".* FROM "todos"[0m
  ↳ app/controllers/api/v1/todos_controller.rb:17:in `index'
Completed 200 OK in 20ms (Views: 0.9ms | ActiveRecord: 1.8ms | Allocations: 6499)


Started GET "/api/v1/todos" for ::1 at 2022-02-06 18:01:36 -0800
Processing by Api::V1::TodosController#index as HTML
  [1m[36mTodo Load (0.3ms)[0m  [1m[34mSELECT "todos".* FROM "todos"[0m
  ↳ app/controllers/api/v1/todos_controller.rb:17:in `index'
Completed 200 OK in 4ms (Views: 0.7ms | ActiveRecord: 0.3ms | Allocations: 676)


Started GET "/api/v1/todos" for ::1 at 2022-02-06 18:02:26 -0800
Processing by Api::V1::TodosController#index as HTML
  [1m[36mTodo Load (0.1ms)[0m  [1m[34mSELECT "todos".* FROM "todos"[0m
  ↳ app/controllers/api/v1/todos_controller.rb:17:in `index'
Completed 200 OK in 3ms (Views: 0.7ms | ActiveRecord: 0.1ms | Allocations: 671)


Started GET "/api/v1/todos" for ::1 at 2022-02-06 18:07:08 -0800
Processing by Api::V1::TodosController#index as HTML
  [1m[36mTodo Load (0.7ms)[0m  [1m[34mSELECT "todos".* FROM "todos"[0m
  ↳ app/controllers/api/v1/todos_controller.rb:17:in `index'
Completed 200 OK in 13ms (Views: 2.8ms | ActiveRecord: 0.7ms | Allocations: 671)


Started GET "/api/v1/todos" for ::1 at 2022-02-06 18:08:40 -0800
Processing by Api::V1::TodosController#index as HTML
  [1m[36mTodo Load (0.3ms)[0m  [1m[34mSELECT "todos".* FROM "todos"[0m
  ↳ app/controllers/api/v1/todos_controller.rb:17:in `index'
Completed 200 OK in 3ms (Views: 0.5ms | ActiveRecord: 0.3ms | Allocations: 671)


Started GET "/api/v1/todos" for ::1 at 2022-02-06 18:08:40 -0800
Processing by Api::V1::TodosController#index as HTML
  [1m[36mTodo Load (0.1ms)[0m  [1m[34mSELECT "todos".* FROM "todos"[0m
  ↳ app/controllers/api/v1/todos_controller.rb:17:in `index'
Completed 200 OK in 3ms (Views: 0.5ms | ActiveRecord: 0.1ms | Allocations: 657)


Started GET "/api/v1/todos" for ::1 at 2022-02-06 18:12:56 -0800
Processing by Api::V1::TodosController#index as HTML
  [1m[36mTodo Load (0.3ms)[0m  [1m[34mSELECT "todos".* FROM "todos"[0m
  ↳ app/controllers/api/v1/todos_controller.rb:17:in `index'
Completed 200 OK in 4ms (Views: 1.1ms | ActiveRecord: 0.3ms | Allocations: 657)


Started GET "/api/v1/todos" for ::1 at 2022-02-06 18:40:28 -0800
Processing by Api::V1::TodosController#index as HTML
  [1m[35m (0.4ms)[0m  [1m[34mSELECT sqlite_version(*)[0m
  ↳ app/controllers/api/v1/todos_controller.rb:17:in `index'
  [1m[36mTodo Load (4.3ms)[0m  [1m[34mSELECT "todos".* FROM "todos"[0m
  ↳ app/controllers/api/v1/todos_controller.rb:17:in `index'
Completed 200 OK in 91ms (Views: 25.8ms | ActiveRecord: 6.3ms | Allocations: 1150)


Started GET "/api/v1/todos" for ::1 at 2022-02-06 18:40:37 -0800
Processing by Api::V1::TodosController#index as HTML
  [1m[36mTodo Load (0.2ms)[0m  [1m[34mSELECT "todos".* FROM "todos"[0m
  ↳ app/controllers/api/v1/todos_controller.rb:17:in `index'
Completed 200 OK in 4ms (Views: 0.8ms | ActiveRecord: 0.2ms | Allocations: 657)


Started GET "/api/v1/todos" for ::1 at 2022-02-06 18:41:12 -0800
Processing by Api::V1::TodosController#index as HTML
  [1m[36mTodo Load (0.4ms)[0m  [1m[34mSELECT "todos".* FROM "todos"[0m
  ↳ app/controllers/api/v1/todos_controller.rb:17:in `index'
Completed 200 OK in 3ms (Views: 0.8ms | ActiveRecord: 0.4ms | Allocations: 658)


Started POST "/api/v1/todos" for ::1 at 2022-02-06 18:42:13 -0800
Processing by Api::V1::TodosController#create as HTML
  Parameters: {"todo"=>{"title"=>"hello again", "completed"=>false}}
  [1m[36mTRANSACTION (0.1ms)[0m  [1m[36mbegin transaction[0m
  ↳ app/controllers/api/v1/todos_controller.rb:29:in `create'
  [1m[36mTodo Create (1.5ms)[0m  [1m[32mINSERT INTO "todos" ("title", "completed", "created_at", "updated_at") VALUES (?, ?, ?, ?)[0m  [["title", "hello again"], ["completed", 0], ["created_at", "2022-02-07 02:42:13.608304"], ["updated_at", "2022-02-07 02:42:13.608304"]]
  ↳ app/controllers/api/v1/todos_controller.rb:29:in `create'
  [1m[36mTRANSACTION (1.1ms)[0m  [1m[36mcommit transaction[0m
  ↳ app/controllers/api/v1/todos_controller.rb:29:in `create'
Completed 500 Internal Server Error in 37ms (ActiveRecord: 2.7ms | Allocations: 3502)


  
NoMethodError (undefined method `todo_url' for #<Api::V1::TodosController:0x00000000006478>):
  
app/controllers/api/v1/todos_controller.rb:30:in `create'
Started GET "/api/v1/todos" for ::1 at 2022-02-06 18:45:13 -0800
Processing by Api::V1::TodosController#index as HTML
  [1m[35m (0.1ms)[0m  [1m[34mSELECT sqlite_version(*)[0m
  ↳ app/controllers/api/v1/todos_controller.rb:17:in `index'
  [1m[36mTodo Load (1.7ms)[0m  [1m[34mSELECT "todos".* FROM "todos"[0m
  ↳ app/controllers/api/v1/todos_controller.rb:17:in `index'
Completed 200 OK in 17ms (Views: 0.7ms | ActiveRecord: 3.7ms | Allocations: 4336)


Started POST "/api/v1/todos" for ::1 at 2022-02-06 18:45:26 -0800
Processing by Api::V1::TodosController#create as HTML
  Parameters: {"todo"=>{"title"=>"another", "completed"=>false}}
  [1m[36mTRANSACTION (0.1ms)[0m  [1m[36mbegin transaction[0m
  ↳ app/controllers/api/v1/todos_controller.rb:29:in `create'
  [1m[36mTodo Create (0.6ms)[0m  [1m[32mINSERT INTO "todos" ("title", "completed", "created_at", "updated_at") VALUES (?, ?, ?, ?)[0m  [["title", "another"], ["completed", 0], ["created_at", "2022-02-07 02:45:26.755095"], ["updated_at", "2022-02-07 02:45:26.755095"]]
  ↳ app/controllers/api/v1/todos_controller.rb:29:in `create'
  [1m[36mTRANSACTION (2.6ms)[0m  [1m[36mcommit transaction[0m
  ↳ app/controllers/api/v1/todos_controller.rb:29:in `create'
Completed 201 Created in 11ms (Views: 0.9ms | ActiveRecord: 3.3ms | Allocations: 1994)


Started GET "/api/v1/todos" for ::1 at 2022-02-06 18:47:23 -0800
Processing by Api::V1::TodosController#index as HTML
  [1m[36mTodo Load (0.6ms)[0m  [1m[34mSELECT "todos".* FROM "todos"[0m
  ↳ app/controllers/api/v1/todos_controller.rb:17:in `index'
Completed 200 OK in 17ms (Views: 3.8ms | ActiveRecord: 0.6ms | Allocations: 871)


Started PUT "/api/v1/todos/1" for ::1 at 2022-02-06 18:47:26 -0800
Processing by Api::V1::TodosController#update as HTML
  Parameters: {"id"=>"1", "title"=>"Hello World", "completed"=>true, "todo"=>{"id"=>"1", "title"=>"Hello World", "completed"=>true}}
  [1m[36mTodo Load (0.3ms)[0m  [1m[34mSELECT "todos".* FROM "todos" WHERE "todos"."id" = ? LIMIT ?[0m  [["id", 1], ["LIMIT", 1]]
  ↳ app/controllers/api/v1/todos_controller.rb:53:in `set_todo'
  [1m[36mTRANSACTION (0.1ms)[0m  [1m[36mbegin transaction[0m
  ↳ app/controllers/api/v1/todos_controller.rb:38:in `update'
  [1m[36mTodo Update (2.2ms)[0m  [1m[33mUPDATE "todos" SET "completed" = ?, "updated_at" = ? WHERE "todos"."id" = ?[0m  [["completed", 1], ["updated_at", "2022-02-07 02:47:26.351630"], ["id", 1]]
  ↳ app/controllers/api/v1/todos_controller.rb:38:in `update'
  [1m[36mTRANSACTION (1.5ms)[0m  [1m[36mcommit transaction[0m
  ↳ app/controllers/api/v1/todos_controller.rb:38:in `update'
Completed 200 OK in 45ms (Views: 0.4ms | ActiveRecord: 4.1ms | Allocations: 3994)


Started GET "/api/v1/todos" for ::1 at 2022-02-06 19:32:10 -0800
  [1m[35m (1.4ms)[0m  [1m[34mSELECT sqlite_version(*)[0m
  [1m[35m (1.5ms)[0m  [1m[34mSELECT "schema_migrations"."version" FROM "schema_migrations" ORDER BY "schema_migrations"."version" ASC[0m
Processing by Api::V1::TodosController#index as HTML
  [1m[36mTodo Load (1.9ms)[0m  [1m[34mSELECT "todos".* FROM "todos"[0m
  ↳ app/controllers/api/v1/todos_controller.rb:17:in `index'
Completed 200 OK in 23ms (Views: 1.1ms | ActiveRecord: 2.7ms | Allocations: 6714)


Started PUT "/api/v1/todos/1" for ::1 at 2022-02-06 19:32:22 -0800
Processing by Api::V1::TodosController#update as HTML
  Parameters: {"id"=>"1", "title"=>"Hello World", "completed"=>false, "todo"=>{"id"=>"1", "title"=>"Hello World", "completed"=>false}}
  [1m[36mTodo Load (0.3ms)[0m  [1m[34mSELECT "todos".* FROM "todos" WHERE "todos"."id" = ? LIMIT ?[0m  [["id", 1], ["LIMIT", 1]]
  ↳ app/controllers/api/v1/todos_controller.rb:53:in `set_todo'
  [1m[36mTRANSACTION (0.1ms)[0m  [1m[36mbegin transaction[0m
  ↳ app/controllers/api/v1/todos_controller.rb:38:in `update'
  [1m[36mTodo Update (0.7ms)[0m  [1m[33mUPDATE "todos" SET "completed" = ?, "updated_at" = ? WHERE "todos"."id" = ?[0m  [["completed", 0], ["updated_at", "2022-02-07 03:32:22.362765"], ["id", 1]]
  ↳ app/controllers/api/v1/todos_controller.rb:38:in `update'
  [1m[36mTRANSACTION (1.3ms)[0m  [1m[36mcommit transaction[0m
  ↳ app/controllers/api/v1/todos_controller.rb:38:in `update'
Completed 200 OK in 15ms (Views: 0.5ms | ActiveRecord: 2.3ms | Allocations: 3385)


Started PUT "/api/v1/todos/1" for ::1 at 2022-02-06 19:32:25 -0800
Processing by Api::V1::TodosController#update as HTML
  Parameters: {"id"=>"1", "title"=>"Hello World", "completed"=>true, "todo"=>{"id"=>"1", "title"=>"Hello World", "completed"=>true}}
  [1m[36mTodo Load (0.3ms)[0m  [1m[34mSELECT "todos".* FROM "todos" WHERE "todos"."id" = ? LIMIT ?[0m  [["id", 1], ["LIMIT", 1]]
  ↳ app/controllers/api/v1/todos_controller.rb:53:in `set_todo'
  [1m[36mTRANSACTION (0.1ms)[0m  [1m[36mbegin transaction[0m
  ↳ app/controllers/api/v1/todos_controller.rb:38:in `update'
  [1m[36mTodo Update (0.7ms)[0m  [1m[33mUPDATE "todos" SET "completed" = ?, "updated_at" = ? WHERE "todos"."id" = ?[0m  [["completed", 1], ["updated_at", "2022-02-07 03:32:25.912830"], ["id", 1]]
  ↳ app/controllers/api/v1/todos_controller.rb:38:in `update'
  [1m[36mTRANSACTION (6.8ms)[0m  [1m[36mcommit transaction[0m
  ↳ app/controllers/api/v1/todos_controller.rb:38:in `update'
Completed 200 OK in 14ms (Views: 0.3ms | ActiveRecord: 7.8ms | Allocations: 2250)


Started GET "/api/v1/todos" for ::1 at 2022-02-06 19:34:47 -0800
Processing by Api::V1::TodosController#index as HTML
  [1m[36mTodo Load (1.9ms)[0m  [1m[34mSELECT "todos".* FROM "todos"[0m
  ↳ app/controllers/api/v1/todos_controller.rb:17:in `index'
Completed 200 OK in 10ms (Views: 3.6ms | ActiveRecord: 1.9ms | Allocations: 885)


Started GET "/api/v1/todos" for ::1 at 2022-02-06 19:35:02 -0800
Processing by Api::V1::TodosController#index as HTML
  [1m[36mTodo Load (0.3ms)[0m  [1m[34mSELECT "todos".* FROM "todos"[0m
  ↳ app/controllers/api/v1/todos_controller.rb:17:in `index'
Completed 200 OK in 5ms (Views: 1.0ms | ActiveRecord: 0.3ms | Allocations: 885)


Started GET "/api/v1/todos?_limit=5" for ::1 at 2022-02-06 19:35:04 -0800
Processing by Api::V1::TodosController#index as HTML
  Parameters: {"_limit"=>"5"}
  [1m[36mTodo Load (0.2ms)[0m  [1m[34mSELECT "todos".* FROM "todos" ORDER BY "todos"."id" DESC LIMIT ?[0m  [["LIMIT", 5]]
  ↳ app/controllers/api/v1/todos_controller.rb:12:in `index'
Completed 200 OK in 7ms (Views: 1.4ms | ActiveRecord: 0.2ms | Allocations: 1065)


Started POST "/api/v1/todos" for ::1 at 2022-02-06 19:35:43 -0800
Processing by Api::V1::TodosController#create as HTML
  Parameters: {"todo"=>{"title"=>"5", "completed"=>false}}
  [1m[36mTRANSACTION (0.1ms)[0m  [1m[36mbegin transaction[0m
  ↳ app/controllers/api/v1/todos_controller.rb:29:in `create'
  [1m[36mTodo Create (1.6ms)[0m  [1m[32mINSERT INTO "todos" ("title", "completed", "created_at", "updated_at") VALUES (?, ?, ?, ?)[0m  [["title", "5"], ["completed", 0], ["created_at", "2022-02-07 03:35:43.255023"], ["updated_at", "2022-02-07 03:35:43.255023"]]
  ↳ app/controllers/api/v1/todos_controller.rb:29:in `create'
  [1m[36mTRANSACTION (1.2ms)[0m  [1m[36mcommit transaction[0m
  ↳ app/controllers/api/v1/todos_controller.rb:29:in `create'
Completed 201 Created in 28ms (Views: 0.4ms | ActiveRecord: 2.9ms | Allocations: 2006)


Started POST "/api/v1/todos" for ::1 at 2022-02-06 19:35:45 -0800
Processing by Api::V1::TodosController#create as HTML
  Parameters: {"todo"=>{"title"=>"4", "completed"=>false}}
  [1m[36mTRANSACTION (0.1ms)[0m  [1m[36mbegin transaction[0m
  ↳ app/controllers/api/v1/todos_controller.rb:29:in `create'
  [1m[36mTodo Create (0.8ms)[0m  [1m[32mINSERT INTO "todos" ("title", "completed", "created_at", "updated_at") VALUES (?, ?, ?, ?)[0m  [["title", "4"], ["completed", 0], ["created_at", "2022-02-07 03:35:45.435176"], ["updated_at", "2022-02-07 03:35:45.435176"]]
  ↳ app/controllers/api/v1/todos_controller.rb:29:in `create'
  [1m[36mTRANSACTION (40.8ms)[0m  [1m[36mcommit transaction[0m
  ↳ app/controllers/api/v1/todos_controller.rb:29:in `create'
Completed 201 Created in 48ms (Views: 0.7ms | ActiveRecord: 41.6ms | Allocations: 1800)


Started POST "/api/v1/todos" for ::1 at 2022-02-06 19:35:46 -0800
Processing by Api::V1::TodosController#create as HTML
  Parameters: {"todo"=>{"title"=>"3", "completed"=>false}}
  [1m[36mTRANSACTION (0.1ms)[0m  [1m[36mbegin transaction[0m
  ↳ app/controllers/api/v1/todos_controller.rb:29:in `create'
  [1m[36mTodo Create (0.8ms)[0m  [1m[32mINSERT INTO "todos" ("title", "completed", "created_at", "updated_at") VALUES (?, ?, ?, ?)[0m  [["title", "3"], ["completed", 0], ["created_at", "2022-02-07 03:35:46.847389"], ["updated_at", "2022-02-07 03:35:46.847389"]]
  ↳ app/controllers/api/v1/todos_controller.rb:29:in `create'
  [1m[36mTRANSACTION (1.2ms)[0m  [1m[36mcommit transaction[0m
  ↳ app/controllers/api/v1/todos_controller.rb:29:in `create'
Completed 201 Created in 10ms (Views: 0.5ms | ActiveRecord: 2.1ms | Allocations: 1802)


Started POST "/api/v1/todos" for ::1 at 2022-02-06 19:35:47 -0800
Processing by Api::V1::TodosController#create as HTML
  Parameters: {"todo"=>{"title"=>"2", "completed"=>false}}
  [1m[36mTRANSACTION (0.1ms)[0m  [1m[36mbegin transaction[0m
  ↳ app/controllers/api/v1/todos_controller.rb:29:in `create'
  [1m[36mTodo Create (0.8ms)[0m  [1m[32mINSERT INTO "todos" ("title", "completed", "created_at", "updated_at") VALUES (?, ?, ?, ?)[0m  [["title", "2"], ["completed", 0], ["created_at", "2022-02-07 03:35:47.616297"], ["updated_at", "2022-02-07 03:35:47.616297"]]
  ↳ app/controllers/api/v1/todos_controller.rb:29:in `create'
  [1m[36mTRANSACTION (1.4ms)[0m  [1m[36mcommit transaction[0m
  ↳ app/controllers/api/v1/todos_controller.rb:29:in `create'
Completed 201 Created in 9ms (Views: 0.5ms | ActiveRecord: 2.2ms | Allocations: 1802)


Started POST "/api/v1/todos" for ::1 at 2022-02-06 19:35:48 -0800
Processing by Api::V1::TodosController#create as HTML
  Parameters: {"todo"=>{"title"=>"1", "completed"=>false}}
  [1m[36mTRANSACTION (0.1ms)[0m  [1m[36mbegin transaction[0m
  ↳ app/controllers/api/v1/todos_controller.rb:29:in `create'
  [1m[36mTodo Create (0.6ms)[0m  [1m[32mINSERT INTO "todos" ("title", "completed", "created_at", "updated_at") VALUES (?, ?, ?, ?)[0m  [["title", "1"], ["completed", 0], ["created_at", "2022-02-07 03:35:48.112471"], ["updated_at", "2022-02-07 03:35:48.112471"]]
  ↳ app/controllers/api/v1/todos_controller.rb:29:in `create'
  [1m[36mTRANSACTION (1.5ms)[0m  [1m[36mcommit transaction[0m
  ↳ app/controllers/api/v1/todos_controller.rb:29:in `create'
Completed 201 Created in 8ms (Views: 0.4ms | ActiveRecord: 2.2ms | Allocations: 1802)


Started GET "/api/v1/todos?_limit=24" for ::1 at 2022-02-06 19:35:52 -0800
Processing by Api::V1::TodosController#index as HTML
  Parameters: {"_limit"=>"24"}
  [1m[36mTodo Load (0.3ms)[0m  [1m[34mSELECT "todos".* FROM "todos" ORDER BY "todos"."id" DESC LIMIT ?[0m  [["LIMIT", 24]]
  ↳ app/controllers/api/v1/todos_controller.rb:12:in `index'
Completed 200 OK in 5ms (Views: 2.2ms | ActiveRecord: 0.3ms | Allocations: 1464)


Started GET "/api/v1/todos?_limit=5" for ::1 at 2022-02-06 19:35:54 -0800
Processing by Api::V1::TodosController#index as HTML
  Parameters: {"_limit"=>"5"}
  [1m[36mTodo Load (0.6ms)[0m  [1m[34mSELECT "todos".* FROM "todos" ORDER BY "todos"."id" DESC LIMIT ?[0m  [["LIMIT", 5]]
  ↳ app/controllers/api/v1/todos_controller.rb:12:in `index'
Completed 200 OK in 5ms (Views: 2.0ms | ActiveRecord: 0.6ms | Allocations: 1144)


Started GET "/api/v1/todos" for ::1 at 2022-02-06 19:39:09 -0800
Processing by Api::V1::TodosController#index as HTML
  [1m[36mTodo Load (1.0ms)[0m  [1m[34mSELECT "todos".* FROM "todos"[0m
  ↳ app/controllers/api/v1/todos_controller.rb:17:in `index'
Completed 200 OK in 119ms (Views: 17.9ms | ActiveRecord: 1.0ms | Allocations: 1407)


Started GET "/api/v1/todos" for ::1 at 2022-02-06 19:39:10 -0800
Processing by Api::V1::TodosController#index as HTML
  [1m[36mTodo Load (0.2ms)[0m  [1m[34mSELECT "todos".* FROM "todos"[0m
  ↳ app/controllers/api/v1/todos_controller.rb:17:in `index'
Completed 200 OK in 6ms (Views: 3.5ms | ActiveRecord: 0.2ms | Allocations: 1407)


Started DELETE "/api/v1/todos/9" for ::1 at 2022-02-06 19:41:57 -0800
Processing by Api::V1::TodosController#destroy as HTML
  Parameters: {"id"=>"9"}
  [1m[36mTodo Load (0.2ms)[0m  [1m[34mSELECT "todos".* FROM "todos" WHERE "todos"."id" = ? LIMIT ?[0m  [["id", 9], ["LIMIT", 1]]
  ↳ app/controllers/api/v1/todos_controller.rb:53:in `set_todo'
  [1m[36mTRANSACTION (0.3ms)[0m  [1m[36mbegin transaction[0m
  ↳ app/controllers/api/v1/todos_controller.rb:47:in `destroy'
  [1m[36mTodo Destroy (0.6ms)[0m  [1m[31mDELETE FROM "todos" WHERE "todos"."id" = ?[0m  [["id", 9]]
  ↳ app/controllers/api/v1/todos_controller.rb:47:in `destroy'
  [1m[36mTRANSACTION (2.5ms)[0m  [1m[36mcommit transaction[0m
  ↳ app/controllers/api/v1/todos_controller.rb:47:in `destroy'
Completed 204 No Content in 16ms (ActiveRecord: 3.6ms | Allocations: 1802)


Started POST "/api/v1/todos" for ::1 at 2022-02-06 19:41:59 -0800
Processing by Api::V1::TodosController#create as HTML
  Parameters: {"todo"=>{"title"=>"1", "completed"=>false}}
  [1m[36mTRANSACTION (0.1ms)[0m  [1m[36mbegin transaction[0m
  ↳ app/controllers/api/v1/todos_controller.rb:29:in `create'
  [1m[36mTodo Create (0.8ms)[0m  [1m[32mINSERT INTO "todos" ("title", "completed", "created_at", "updated_at") VALUES (?, ?, ?, ?)[0m  [["title", "1"], ["completed", 0], ["created_at", "2022-02-07 03:41:59.883383"], ["updated_at", "2022-02-07 03:41:59.883383"]]
  ↳ app/controllers/api/v1/todos_controller.rb:29:in `create'
  [1m[36mTRANSACTION (1.3ms)[0m  [1m[36mcommit transaction[0m
  ↳ app/controllers/api/v1/todos_controller.rb:29:in `create'
Completed 201 Created in 13ms (Views: 0.5ms | ActiveRecord: 2.2ms | Allocations: 1799)


